# JRE version: OpenJDK Runtime Environment (8.0_152-b02) (build 1.8.0_152-release-1024-b02)
# Java VM: OpenJDK 64-Bit Server VM (25.152-b02 mixed mode windows-amd64 compressed oops)
Heap:
 PSYoungGen      total 207360K, used 197078K [0x00000000e0000000, 0x00000000f0100000, 0x0000000100000000)
  eden space 182784K, 96% used [0x00000000e0000000,0x00000000eabfe790,0x00000000eb280000)
  from space 24576K, 85% used [0x00000000eb280000,0x00000000ec6f73d0,0x00000000eca80000)
  to   space 26624K, 0% used [0x00000000ee700000,0x00000000ee700000,0x00000000f0100000)
 ParOldGen       total 266752K, used 35941K [0x00000000a0000000, 0x00000000b0480000, 0x00000000e0000000)
  object space 266752K, 13% used [0x00000000a0000000,0x00000000a2319420,0x00000000b0480000)
 Metaspace       used 74354K, capacity 77420K, committed 77696K, reserved 1116160K
  class space    used 9864K, capacity 10511K, committed 10624K, reserved 1048576K
GC Heap History (10 events):
Event: 2.953 GC heap before
{Heap before GC invocations=8 (full 2):
 PSYoungGen      total 138240K, used 127488K [0x00000000e0000000, 0x00000000ea280000, 0x0000000100000000)
  eden space 127488K, 100% used [0x00000000e0000000,0x00000000e7c80000,0x00000000e7c80000)
  from space 10752K, 0% used [0x00000000e7c80000,0x00000000e7c80000,0x00000000e8700000)
  to   space 13824K, 0% used [0x00000000e9500000,0x00000000e9500000,0x00000000ea280000)
 ParOldGen       total 180224K, used 19390K [0x00000000a0000000, 0x00000000ab000000, 0x00000000e0000000)
  object space 180224K, 10% used [0x00000000a0000000,0x00000000a12ef9d8,0x00000000ab000000)
 Metaspace       used 42735K, capacity 43636K, committed 43904K, reserved 1087488K
  class space    used 5904K, capacity 6175K, committed 6272K, reserved 1048576K
Event: 2.962 GC heap after
Heap after GC invocations=8 (full 2):
 PSYoungGen      total 150528K, used 13806K [0x00000000e0000000, 0x00000000ecc80000, 0x0000000100000000)
  eden space 136704K, 0% used [0x00000000e0000000,0x00000000e0000000,0x00000000e8580000)
  from space 13824K, 99% used [0x00000000e9500000,0x00000000ea27ba30,0x00000000ea280000)
  to   space 15872K, 0% used [0x00000000e8580000,0x00000000e8580000,0x00000000e9500000)
 ParOldGen       total 180224K, used 19511K [0x00000000a0000000, 0x00000000ab000000, 0x00000000e0000000)
  object space 180224K, 10% used [0x00000000a0000000,0x00000000a130dda8,0x00000000ab000000)
 Metaspace       used 42735K, capacity 43636K, committed 43904K, reserved 1087488K
  class space    used 5904K, capacity 6175K, committed 6272K, reserved 1048576K
}
Event: 3.902 GC heap before
{Heap before GC invocations=9 (full 2):
 PSYoungGen      total 150528K, used 150510K [0x00000000e0000000, 0x00000000ecc80000, 0x0000000100000000)
  eden space 136704K, 100% used [0x00000000e0000000,0x00000000e8580000,0x00000000e8580000)
  from space 13824K, 99% used [0x00000000e9500000,0x00000000ea27ba30,0x00000000ea280000)
  to   space 15872K, 0% used [0x00000000e8580000,0x00000000e8580000,0x00000000e9500000)
 ParOldGen       total 180224K, used 19511K [0x00000000a0000000, 0x00000000ab000000, 0x00000000e0000000)
  object space 180224K, 10% used [0x00000000a0000000,0x00000000a130dda8,0x00000000ab000000)
 Metaspace       used 53281K, capacity 54892K, committed 55168K, reserved 1097728K
  class space    used 7315K, capacity 7709K, committed 7808K, reserved 1048576K
Event: 3.910 GC heap after
Heap after GC invocations=9 (full 2):
 PSYoungGen      total 152576K, used 15867K [0x00000000e0000000, 0x00000000ede80000, 0x0000000100000000)
  eden space 136704K, 0% used [0x00000000e0000000,0x00000000e0000000,0x00000000e8580000)
  from space 15872K, 99% used [0x00000000e8580000,0x00000000e94fef20,0x00000000e9500000)
  to   space 20480K, 0% used [0x00000000eca80000,0x00000000eca80000,0x00000000ede80000)
 ParOldGen       total 180224K, used 24687K [0x00000000a0000000, 0x00000000ab000000, 0x00000000e0000000)
  object space 180224K, 13% used [0x00000000a0000000,0x00000000a181bd48,0x00000000ab000000)
 Metaspace       used 53281K, capacity 54892K, committed 55168K, reserved 1097728K
  class space    used 7315K, capacity 7709K, committed 7808K, reserved 1048576K
}
Event: 5.053 GC heap before
{Heap before GC invocations=10 (full 2):
 PSYoungGen      total 152576K, used 124462K [0x00000000e0000000, 0x00000000ede80000, 0x0000000100000000)
  eden space 136704K, 79% used [0x00000000e0000000,0x00000000e6a0c900,0x00000000e8580000)
  from space 15872K, 99% used [0x00000000e8580000,0x00000000e94fef20,0x00000000e9500000)
  to   space 20480K, 0% used [0x00000000eca80000,0x00000000eca80000,0x00000000ede80000)
 ParOldGen       total 180224K, used 24687K [0x00000000a0000000, 0x00000000ab000000, 0x00000000e0000000)
  object space 180224K, 13% used [0x00000000a0000000,0x00000000a181bd48,0x00000000ab000000)
 Metaspace       used 57148K, capacity 58914K, committed 59008K, reserved 1099776K
  class space    used 7857K, capacity 8280K, committed 8320K, reserved 1048576K
Event: 5.063 GC heap after
Heap after GC invocations=10 (full 2):
 PSYoungGen      total 203264K, used 20479K [0x00000000e0000000, 0x00000000ee380000, 0x0000000100000000)
  eden space 182784K, 0% used [0x00000000e0000000,0x00000000e0000000,0x00000000eb280000)
  from space 20480K, 99% used [0x00000000eca80000,0x00000000ede7fc28,0x00000000ede80000)
  to   space 24576K, 0% used [0x00000000eb280000,0x00000000eb280000,0x00000000eca80000)
 ParOldGen       total 180224K, used 27380K [0x00000000a0000000, 0x00000000ab000000, 0x00000000e0000000)
  object space 180224K, 15% used [0x00000000a0000000,0x00000000a1abd130,0x00000000ab000000)
 Metaspace       used 57148K, capacity 58914K, committed 59008K, reserved 1099776K
  class space    used 7857K, capacity 8280K, committed 8320K, reserved 1048576K
}
Event: 5.063 GC heap before
{Heap before GC invocations=11 (full 3):
 PSYoungGen      total 203264K, used 20479K [0x00000000e0000000, 0x00000000ee380000, 0x0000000100000000)
  eden space 182784K, 0% used [0x00000000e0000000,0x00000000e0000000,0x00000000eb280000)
  from space 20480K, 99% used [0x00000000eca80000,0x00000000ede7fc28,0x00000000ede80000)
  to   space 24576K, 0% used [0x00000000eb280000,0x00000000eb280000,0x00000000eca80000)
 ParOldGen       total 180224K, used 27380K [0x00000000a0000000, 0x00000000ab000000, 0x00000000e0000000)
  object space 180224K, 15% used [0x00000000a0000000,0x00000000a1abd130,0x00000000ab000000)
 Metaspace       used 57148K, capacity 58914K, committed 59008K, reserved 1099776K
  class space    used 7857K, capacity 8280K, committed 8320K, reserved 1048576K
Event: 5.171 GC heap after
Heap after GC invocations=11 (full 3):
 PSYoungGen      total 203264K, used 0K [0x00000000e0000000, 0x00000000ee380000, 0x0000000100000000)
  eden space 182784K, 0% used [0x00000000e0000000,0x00000000e0000000,0x00000000eb280000)
  from space 20480K, 0% used [0x00000000eca80000,0x00000000eca80000,0x00000000ede80000)
  to   space 24576K, 0% used [0x00000000eb280000,0x00000000eb280000,0x00000000eca80000)
 ParOldGen       total 266752K, used 35933K [0x00000000a0000000, 0x00000000b0480000, 0x00000000e0000000)
  object space 266752K, 13% used [0x00000000a0000000,0x00000000a2317420,0x00000000b0480000)
 Metaspace       used 57148K, capacity 58914K, committed 59008K, reserved 1099776K
  class space    used 7857K, capacity 8280K, committed 8320K, reserved 1048576K
}
Event: 37.703 GC heap before
{Heap before GC invocations=12 (full 3):
 PSYoungGen      total 203264K, used 182784K [0x00000000e0000000, 0x00000000ee380000, 0x0000000100000000)
  eden space 182784K, 100% used [0x00000000e0000000,0x00000000eb280000,0x00000000eb280000)
  from space 20480K, 0% used [0x00000000eca80000,0x00000000eca80000,0x00000000ede80000)
  to   space 24576K, 0% used [0x00000000eb280000,0x00000000eb280000,0x00000000eca80000)
 ParOldGen       total 266752K, used 35933K [0x00000000a0000000, 0x00000000b0480000, 0x00000000e0000000)
  object space 266752K, 13% used [0x00000000a0000000,0x00000000a2317420,0x00000000b0480000)
 Metaspace       used 70977K, capacity 73622K, committed 73856K, reserved 1114112K
  class space    used 9528K, capacity 10092K, committed 10112K, reserved 1048576K
Event: 37.713 GC heap after
Heap after GC invocations=12 (full 3):
 PSYoungGen      total 207360K, used 20956K [0x00000000e0000000, 0x00000000f0100000, 0x0000000100000000)
  eden space 182784K, 0% used [0x00000000e0000000,0x00000000e0000000,0x00000000eb280000)
  from space 24576K, 85% used [0x00000000eb280000,0x00000000ec6f73d0,0x00000000eca80000)
  to   space 26624K, 0% used [0x00000000ee700000,0x00000000ee700000,0x00000000f0100000)
 ParOldGen       total 266752K, used 35941K [0x00000000a0000000, 0x00000000b0480000, 0x00000000e0000000)
  object space 266752K, 13% used [0x00000000a0000000,0x00000000a2319420,0x00000000b0480000)
 Metaspace       used 70977K, capacity 73622K, committed 73856K, reserved 1114112K
  class space    used 9528K, capacity 10092K, committed 10112K, reserved 1048576K
}

