# JRE version: OpenJDK Runtime Environment (8.0_152-b02) (build 1.8.0_152-release-1024-b02)
# Java VM: OpenJDK 64-Bit Server VM (25.152-b02 mixed mode windows-amd64 compressed oops)
Heap:
 PSYoungGen      total 176640K, used 92383K [0x00000000e0000000, 0x00000000ece80000, 0x0000000100000000)
  eden space 162304K, 48% used [0x00000000e0000000,0x00000000e4c99c50,0x00000000e9e80000)
  from space 14336K, 97% used [0x00000000ea180000,0x00000000eaf1e1f0,0x00000000eaf80000)
  to   space 24576K, 0% used [0x00000000eb680000,0x00000000eb680000,0x00000000ece80000)
 ParOldGen       total 279552K, used 36037K [0x00000000a0000000, 0x00000000b1100000, 0x00000000e0000000)
  object space 279552K, 12% used [0x00000000a0000000,0x00000000a2331488,0x00000000b1100000)
 Metaspace       used 76089K, capacity 79328K, committed 79488K, reserved 1118208K
  class space    used 9912K, capacity 10557K, committed 10624K, reserved 1048576K
GC Heap History (10 events):
Event: 5.228 GC heap before
{Heap before GC invocations=10 (full 2):
 PSYoungGen      total 144384K, used 128617K [0x00000000e0000000, 0x00000000ed280000, 0x0000000100000000)
  eden space 128512K, 87% used [0x00000000e0000000,0x00000000e6e217d0,0x00000000e7d80000)
  from space 15872K, 99% used [0x00000000e7d80000,0x00000000e8cf8ff0,0x00000000e8d00000)
  to   space 19968K, 0% used [0x00000000ebf00000,0x00000000ebf00000,0x00000000ed280000)
 ParOldGen       total 188416K, used 24296K [0x00000000a0000000, 0x00000000ab800000, 0x00000000e0000000)
  object space 188416K, 12% used [0x00000000a0000000,0x00000000a17ba3d8,0x00000000ab800000)
 Metaspace       used 57176K, capacity 58986K, committed 59028K, reserved 1099776K
  class space    used 7864K, capacity 8280K, committed 8320K, reserved 1048576K
Event: 5.239 GC heap after
Heap after GC invocations=10 (full 2):
 PSYoungGen      total 191488K, used 19951K [0x00000000e0000000, 0x00000000ed800000, 0x0000000100000000)
  eden space 171520K, 0% used [0x00000000e0000000,0x00000000e0000000,0x00000000ea780000)
  from space 19968K, 99% used [0x00000000ebf00000,0x00000000ed27bc38,0x00000000ed280000)
  to   space 24064K, 0% used [0x00000000ea780000,0x00000000ea780000,0x00000000ebf00000)
 ParOldGen       total 188416K, used 27436K [0x00000000a0000000, 0x00000000ab800000, 0x00000000e0000000)
  object space 188416K, 14% used [0x00000000a0000000,0x00000000a1acb198,0x00000000ab800000)
 Metaspace       used 57176K, capacity 58986K, committed 59028K, reserved 1099776K
  class space    used 7864K, capacity 8280K, committed 8320K, reserved 1048576K
}
Event: 5.239 GC heap before
{Heap before GC invocations=11 (full 3):
 PSYoungGen      total 191488K, used 19951K [0x00000000e0000000, 0x00000000ed800000, 0x0000000100000000)
  eden space 171520K, 0% used [0x00000000e0000000,0x00000000e0000000,0x00000000ea780000)
  from space 19968K, 99% used [0x00000000ebf00000,0x00000000ed27bc38,0x00000000ed280000)
  to   space 24064K, 0% used [0x00000000ea780000,0x00000000ea780000,0x00000000ebf00000)
 ParOldGen       total 188416K, used 27436K [0x00000000a0000000, 0x00000000ab800000, 0x00000000e0000000)
  object space 188416K, 14% used [0x00000000a0000000,0x00000000a1acb198,0x00000000ab800000)
 Metaspace       used 57176K, capacity 58986K, committed 59028K, reserved 1099776K
  class space    used 7864K, capacity 8280K, committed 8320K, reserved 1048576K
Event: 5.354 GC heap after
Heap after GC invocations=11 (full 3):
 PSYoungGen      total 191488K, used 0K [0x00000000e0000000, 0x00000000ed800000, 0x0000000100000000)
  eden space 171520K, 0% used [0x00000000e0000000,0x00000000e0000000,0x00000000ea780000)
  from space 19968K, 0% used [0x00000000ebf00000,0x00000000ebf00000,0x00000000ed280000)
  to   space 24064K, 0% used [0x00000000ea780000,0x00000000ea780000,0x00000000ebf00000)
 ParOldGen       total 279552K, used 35997K [0x00000000a0000000, 0x00000000b1100000, 0x00000000e0000000)
  object space 279552K, 12% used [0x00000000a0000000,0x00000000a2327488,0x00000000b1100000)
 Metaspace       used 57176K, capacity 58986K, committed 59028K, reserved 1099776K
  class space    used 7864K, capacity 8280K, committed 8320K, reserved 1048576K
}
Event: 816.492 GC heap before
{Heap before GC invocations=12 (full 3):
 PSYoungGen      total 191488K, used 171520K [0x00000000e0000000, 0x00000000ed800000, 0x0000000100000000)
  eden space 171520K, 100% used [0x00000000e0000000,0x00000000ea780000,0x00000000ea780000)
  from space 19968K, 0% used [0x00000000ebf00000,0x00000000ebf00000,0x00000000ed280000)
  to   space 24064K, 0% used [0x00000000ea780000,0x00000000ea780000,0x00000000ebf00000)
 ParOldGen       total 279552K, used 35997K [0x00000000a0000000, 0x00000000b1100000, 0x00000000e0000000)
  object space 279552K, 12% used [0x00000000a0000000,0x00000000a2327488,0x00000000b1100000)
 Metaspace       used 67608K, capacity 70066K, committed 70272K, reserved 1110016K
  class space    used 9035K, capacity 9560K, committed 9600K, reserved 1048576K
Event: 816.500 GC heap after
Heap after GC invocations=12 (full 3):
 PSYoungGen      total 185856K, used 17295K [0x00000000e0000000, 0x00000000ed480000, 0x0000000100000000)
  eden space 168448K, 0% used [0x00000000e0000000,0x00000000e0000000,0x00000000ea480000)
  from space 17408K, 99% used [0x00000000ea780000,0x00000000eb863fe8,0x00000000eb880000)
  to   space 24576K, 0% used [0x00000000ebc80000,0x00000000ebc80000,0x00000000ed480000)
 ParOldGen       total 279552K, used 36005K [0x00000000a0000000, 0x00000000b1100000, 0x00000000e0000000)
  object space 279552K, 12% used [0x00000000a0000000,0x00000000a2329488,0x00000000b1100000)
 Metaspace       used 67608K, capacity 70066K, committed 70272K, reserved 1110016K
  class space    used 9035K, capacity 9560K, committed 9600K, reserved 1048576K
}
Event: 1103.925 GC heap before
{Heap before GC invocations=13 (full 3):
 PSYoungGen      total 185856K, used 185401K [0x00000000e0000000, 0x00000000ed480000, 0x0000000100000000)
  eden space 168448K, 99% used [0x00000000e0000000,0x00000000ea42a428,0x00000000ea480000)
  from space 17408K, 99% used [0x00000000ea780000,0x00000000eb863fe8,0x00000000eb880000)
  to   space 24576K, 0% used [0x00000000ebc80000,0x00000000ebc80000,0x00000000ed480000)
 ParOldGen       total 279552K, used 36005K [0x00000000a0000000, 0x00000000b1100000, 0x00000000e0000000)
  object space 279552K, 12% used [0x00000000a0000000,0x00000000a2329488,0x00000000b1100000)
 Metaspace       used 74738K, capacity 77828K, committed 77952K, reserved 1116160K
  class space    used 9894K, capacity 10535K, committed 10624K, reserved 1048576K
Event: 1103.938 GC heap after
Heap after GC invocations=13 (full 3):
 PSYoungGen      total 189952K, used 19784K [0x00000000e0000000, 0x00000000ed480000, 0x0000000100000000)
  eden space 165376K, 0% used [0x00000000e0000000,0x00000000e0000000,0x00000000ea180000)
  from space 24576K, 80% used [0x00000000ebc80000,0x00000000ecfd23c0,0x00000000ed480000)
  to   space 26112K, 0% used [0x00000000ea180000,0x00000000ea180000,0x00000000ebb00000)
 ParOldGen       total 279552K, used 36021K [0x00000000a0000000, 0x00000000b1100000, 0x00000000e0000000)
  object space 279552K, 12% used [0x00000000a0000000,0x00000000a232d488,0x00000000b1100000)
 Metaspace       used 74738K, capacity 77828K, committed 77952K, reserved 1116160K
  class space    used 9894K, capacity 10535K, committed 10624K, reserved 1048576K
}
Event: 1144.277 GC heap before
{Heap before GC invocations=14 (full 3):
 PSYoungGen      total 189952K, used 185160K [0x00000000e0000000, 0x00000000ed480000, 0x0000000100000000)
  eden space 165376K, 100% used [0x00000000e0000000,0x00000000ea180000,0x00000000ea180000)
  from space 24576K, 80% used [0x00000000ebc80000,0x00000000ecfd23c0,0x00000000ed480000)
  to   space 26112K, 0% used [0x00000000ea180000,0x00000000ea180000,0x00000000ebb00000)
 ParOldGen       total 279552K, used 36021K [0x00000000a0000000, 0x00000000b1100000, 0x00000000e0000000)
  object space 279552K, 12% used [0x00000000a0000000,0x00000000a232d488,0x00000000b1100000)
 Metaspace       used 75871K, capacity 79060K, committed 79232K, reserved 1118208K
  class space    used 9912K, capacity 10557K, committed 10624K, reserved 1048576K
Event: 1144.286 GC heap after
Heap after GC invocations=14 (full 3):
 PSYoungGen      total 176640K, used 13944K [0x00000000e0000000, 0x00000000ece80000, 0x0000000100000000)
  eden space 162304K, 0% used [0x00000000e0000000,0x00000000e0000000,0x00000000e9e80000)
  from space 14336K, 97% used [0x00000000ea180000,0x00000000eaf1e1f0,0x00000000eaf80000)
  to   space 24576K, 0% used [0x00000000eb680000,0x00000000eb680000,0x00000000ece80000)
 ParOldGen       total 279552K, used 36037K [0x00000000a0000000, 0x00000000b1100000, 0x00000000e0000000)
  object space 279552K, 12% used [0x00000000a0000000,0x00000000a2331488,0x00000000b1100000)
 Metaspace       used 75871K, capacity 79060K, committed 79232K, reserved 1118208K
  class space    used 9912K, capacity 10557K, committed 10624K, reserved 1048576K
}

